2025-06-03 09:10:42 +0000  Initial pipeline context: <IDEDistributionProcessingPipelineContext: 0x13d061f10; archive(resolved)="<IDEArchive: 0x60008cb90620>", distributionTask(resolved)="2", distributionDestination(resolved)="2", distributionMethod(resolved)="<IDEDistributionMethodiOSAppStoreDistribution: 0x600006202560>", team(resolved)="<IDEProvisioningDisambiguatableBasicTeam: 0x60000780ca40; teamID='H84C6HX92Q', teamName='LawPair Holdings LLC', teamType='Company', username='mxgangstar13@gmail.com', isFreeProvisioningTeam='0'>">
	Chain (17, self inclusive):
	<IDEDistributionProcessingPipelineContext: 0x13d061f10; archive = "<IDEArchive: 0x60008cb90620>", distributionMethod="<IDEDistributionMethodiOSAppStoreDistribution: 0x600006202560>", team="<IDEProvisioningDisambiguatableBasicTeam: 0x60000780ca40; teamID='H84C6HX92Q', teamName='LawPair Holdings LLC', teamType='Company', username='mxgangstar13@gmail.com', isFreeProvisioningTeam='0'>">
	<IDEDistributionProcessingPipelineContext: 0x13d0addd0; archive = "<IDEArchive: 0x60008cb90620>", distributionMethod="<IDEDistributionMethodiOSAppStoreDistribution: 0x600006202560>", team="<IDEProvisioningDisambiguatableBasicTeam: 0x60000780ca40; teamID='H84C6HX92Q', teamName='LawPair Holdings LLC', teamType='Company', username='mxgangstar13@gmail.com', isFreeProvisioningTeam='0'>">
	<IDEDistributionContext: 0x13d0adbc0; archive = "<IDEArchive: 0x60008cb90620>", distributionMethod="<IDEDistributionMethodiOSAppStoreDistribution: 0x600006202560>", team="<IDEProvisioningDisambiguatableBasicTeam: 0x60000780ca40; teamID='H84C6HX92Q', teamName='LawPair Holdings LLC', teamType='Company', username='mxgangstar13@gmail.com', isFreeProvisioningTeam='0'>">
	<IDEDistributionContext: 0x37f27b020; archive = "<IDEArchive: 0x60008cb90620>", distributionMethod="<IDEDistributionMethodiOSAppStoreDistribution: 0x600006202560>", team="<IDEProvisioningDisambiguatableBasicTeam: 0x60000780ca40; teamID='H84C6HX92Q', teamName='LawPair Holdings LLC', teamType='Company', username='mxgangstar13@gmail.com', isFreeProvisioningTeam='0'>">
	<IDEDistributionContext: 0x35cce2c70; archive = "<IDEArchive: 0x60008cb90620>", distributionMethod="<IDEDistributionMethodiOSAppStoreDistribution: 0x600006202560>", team="<IDEProvisioningDisambiguatableBasicTeam: 0x60000780ca40; teamID='H84C6HX92Q', teamName='LawPair Holdings LLC', teamType='Company', username='mxgangstar13@gmail.com', isFreeProvisioningTeam='0'>">
	<IDEDistributionContext: 0x35ccc96f0; archive = "<IDEArchive: 0x60008cb90620>", distributionMethod="<IDEDistributionMethodiOSAppStoreDistribution: 0x600006202560>", team="<IDEProvisioningDisambiguatableBasicTeam: 0x60000780ca40; teamID='H84C6HX92Q', teamName='LawPair Holdings LLC', teamType='Company', username='mxgangstar13@gmail.com', isFreeProvisioningTeam='0'>">
	<IDEDistributionContext: 0x33f60deb0; archive = "<IDEArchive: 0x60008cb90620>", distributionMethod="<IDEDistributionMethodiOSAppStoreDistribution: 0x600006202560>", team="<IDEProvisioningDisambiguatableBasicTeam: 0x60000780ca40; teamID='H84C6HX92Q', teamName='LawPair Holdings LLC', teamType='Company', username='mxgangstar13@gmail.com', isFreeProvisioningTeam='0'>">
	<IDEDistributionContext: 0x35ccff160; archive = "<IDEArchive: 0x60008cb90620>", distributionMethod="<IDEDistributionMethodiOSAppStoreDistribution: 0x600006202560>", team="<IDEProvisioningDisambiguatableBasicTeam: 0x60000780ca40; teamID='H84C6HX92Q', teamName='LawPair Holdings LLC', teamType='Company', username='mxgangstar13@gmail.com', isFreeProvisioningTeam='0'>">
	<IDEDistributionContext: 0x3740b9430; archive = "<IDEArchive: 0x60008cb90620>", distributionMethod="<IDEDistributionMethodiOSAppStoreDistribution: 0x600006202560>", team="<IDEProvisioningDisambiguatableBasicTeam: 0x60000780ca40; teamID='H84C6HX92Q', teamName='LawPair Holdings LLC', teamType='Company', username='mxgangstar13@gmail.com', isFreeProvisioningTeam='0'>">
	<IDEDistributionContext: 0x3740ea770; archive = "<IDEArchive: 0x60008cb90620>", distributionMethod="<IDEDistributionMethodiOSAppStoreDistribution: 0x600006202560>", team="<IDEProvisioningDisambiguatableBasicTeam: 0x60000780ca40; teamID='H84C6HX92Q', teamName='LawPair Holdings LLC', teamType='Company', username='mxgangstar13@gmail.com', isFreeProvisioningTeam='0'>">
	<IDEDistributionContext: 0x1795460a0; archive = "<IDEArchive: 0x60008cb90620>", distributionMethod="<IDEDistributionMethodiOSAppStoreDistribution: 0x600006202560>", team="<IDEProvisioningDisambiguatableBasicTeam: 0x60000780ca40; teamID='H84C6HX92Q', teamName='LawPair Holdings LLC', teamType='Company', username='mxgangstar13@gmail.com', isFreeProvisioningTeam='0'>">
	<IDEDistributionContext: 0x33acb6d50; archive = "<IDEArchive: 0x60008cb90620>", distributionMethod="<IDEDistributionMethodiOSAppStoreDistribution: 0x600006202560>", team="<IDEProvisioningDisambiguatableBasicTeam: 0x60000780ca40; teamID='H84C6HX92Q', teamName='LawPair Holdings LLC', teamType='Company', username='mxgangstar13@gmail.com', isFreeProvisioningTeam='0'>">
	<IDEDistributionContext: 0x33ac1cd80; archive = "<IDEArchive: 0x60008cb90620>", distributionMethod="<IDEDistributionMethodiOSAppStoreDistribution: 0x600006202560>", team="(null)">
	<IDEDistributionContext: 0x3172c7850; archive = "<IDEArchive: 0x60008cb90620>", distributionMethod="<IDEDistributionMethodiOSAppStoreDistribution: 0x600006202560>", team="(null)">
	<IDEDistributionContext: 0x35ccd8ac0; archive = "<IDEArchive: 0x60008cb90620>", distributionMethod="(null)", team="(null)">
	<IDEDistributionContext: 0x37dd4f860; archive = "<IDEArchive: 0x60008cb90620>", distributionMethod="(null)", team="(null)">
	<IDEDistributionContext: 0x1795de8e0; archive = "<IDEArchive: 0x60008cb90620>", distributionMethod="(null)", team="(null)">
</IDEDistributionProcessingPipelineContext: 0x13d061f10>
2025-06-03 09:10:42 +0000  Processing step: IDEDistributionCreateDestRootStep
2025-06-03 09:10:42 +0000  Processing step: IDEDistributionCopyItemStep
2025-06-03 09:10:42 +0000  Running /usr/bin/ditto '-V' '/Users/arifbiswas/Library/Developer/Xcode/Archives/2025-06-03/Release 6-3-25, 15.07.xcarchive/Products/Applications/lawpair.app' '/var/folders/fg/k1_ddpz17ggf22my8dh98r140000gp/T/XcodeDistPipeline.~~~ua1vOW/Root/Payload/lawpair.app'
2025-06-03 09:10:42 +0000  >>> Copying /Users/arifbiswas/Library/Developer/Xcode/Archives/2025-06-03/Release 6-3-25, 15.07.xcarchive/Products/Applications/lawpair.app 
2025-06-03 09:10:42 +0000  copying file ./_CodeSignature/CodeResources ... 
2025-06-03 09:10:42 +0000  19935 bytes for ./_CodeSignature/CodeResources
2025-06-03 09:10:42 +0000  copying file ./Fontisto.ttf ... 
2025-06-03 09:10:42 +0000  313528 bytes for ./Fontisto.ttf
2025-06-03 09:10:42 +0000  copying file ./Octicons.ttf ... 
2025-06-03 09:10:42 +0000  49404 bytes for ./Octicons.ttf
2025-06-03 09:10:42 +0000  copying file ./Feather.ttf ... 
2025-06-03 09:10:42 +0000  56228 bytes for ./Feather.ttf
2025-06-03 09:10:42 +0000  copying file ./FontAwesome6_Regular.ttf ... 
2025-06-03 09:10:42 +0000  67976 bytes for ./FontAwesome6_Regular.ttf
2025-06-03 09:10:42 +0000  copying file ./Entypo.ttf ... 
2025-06-03 09:10:42 +0000  66200 bytes for ./Entypo.ttf
2025-06-03 09:10:42 +0000  copying file ./RNImagePickerPrivacyInfo.bundle/PrivacyInfo.xcprivacy ... 
2025-06-03 09:10:42 +0000  905 bytes for ./RNImagePickerPrivacyInfo.bundle/PrivacyInfo.xcprivacy
2025-06-03 09:10:42 +0000  copying file ./RNImagePickerPrivacyInfo.bundle/Info.plist ... 
2025-06-03 09:10:42 +0000  791 bytes for ./RNImagePickerPrivacyInfo.bundle/Info.plist
2025-06-03 09:10:42 +0000  copying file ./FontAwesome5_Brands.ttf ... 
2025-06-03 09:10:42 +0000  134040 bytes for ./FontAwesome5_Brands.ttf
2025-06-03 09:10:42 +0000  copying file ./MaterialCommunityIcons.ttf ... 
2025-06-03 09:10:42 +0000  1147844 bytes for ./MaterialCommunityIcons.ttf
2025-06-03 09:10:42 +0000  copying file ./glog_privacy.bundle/Info.plist ... 
2025-06-03 09:10:42 +0000  766 bytes for ./glog_privacy.bundle/Info.plist
2025-06-03 09:10:42 +0000  copying file ./AppIcon60x60@2x.png ... 
2025-06-03 09:10:42 +0000  5256 bytes for ./AppIcon60x60@2x.png
2025-06-03 09:10:42 +0000  copying file ./AntDesign.ttf ... 
2025-06-03 09:10:42 +0000  70344 bytes for ./AntDesign.ttf
2025-06-03 09:10:42 +0000  copying file ./Foundation.ttf ... 
2025-06-03 09:10:42 +0000  56976 bytes for ./Foundation.ttf
2025-06-03 09:10:42 +0000  copying file ./Ionicons.ttf ... 
2025-06-03 09:10:42 +0000  442604 bytes for ./Ionicons.ttf
2025-06-03 09:10:42 +0000  copying file ./FontAwesome5_Solid.ttf ... 
2025-06-03 09:10:42 +0000  202744 bytes for ./FontAwesome5_Solid.ttf
2025-06-03 09:10:42 +0000  copying file ./FontAwesome5_Regular.ttf ... 
2025-06-03 09:10:42 +0000  33736 bytes for ./FontAwesome5_Regular.ttf
2025-06-03 09:10:42 +0000  copying file ./React-cxxreact_privacy.bundle/PrivacyInfo.xcprivacy ... 
2025-06-03 09:10:42 +0000  552 bytes for ./React-cxxreact_privacy.bundle/PrivacyInfo.xcprivacy
2025-06-03 09:10:42 +0000  copying file ./React-cxxreact_privacy.bundle/Info.plist ... 
2025-06-03 09:10:42 +0000  789 bytes for ./React-cxxreact_privacy.bundle/Info.plist
2025-06-03 09:10:42 +0000  copying file ./FontAwesome.ttf ... 
2025-06-03 09:10:42 +0000  165548 bytes for ./FontAwesome.ttf
2025-06-03 09:10:42 +0000  copying file ./Zocial.ttf ... 
2025-06-03 09:10:42 +0000  25788 bytes for ./Zocial.ttf
2025-06-03 09:10:42 +0000  copying file ./RCT-Folly_privacy.bundle/Info.plist ... 
2025-06-03 09:10:42 +0000  783 bytes for ./RCT-Folly_privacy.bundle/Info.plist
2025-06-03 09:10:42 +0000  copying file ./lawpair ... 
2025-06-03 09:10:42 +0000  6675280 bytes for ./lawpair
2025-06-03 09:10:42 +0000  copying file ./Assets.car ... 
2025-06-03 09:10:42 +0000  251327 bytes for ./Assets.car
2025-06-03 09:10:42 +0000  copying file ./EvilIcons.ttf ... 
2025-06-03 09:10:42 +0000  13456 bytes for ./EvilIcons.ttf
2025-06-03 09:10:42 +0000  copying file ./AppIcon76x76@2x~ipad.png ... 
2025-06-03 09:10:42 +0000  6524 bytes for ./AppIcon76x76@2x~ipad.png
2025-06-03 09:10:42 +0000  copying file ./main.jsbundle ... 
2025-06-03 09:10:42 +0000  4183438 bytes for ./main.jsbundle
2025-06-03 09:10:42 +0000  copying file ./FontAwesome6_Solid.ttf ... 
2025-06-03 09:10:42 +0000  423676 bytes for ./FontAwesome6_Solid.ttf
2025-06-03 09:10:42 +0000  copying file ./PrivacyInfo.xcprivacy ... 
2025-06-03 09:10:42 +0000  418 bytes for ./PrivacyInfo.xcprivacy
2025-06-03 09:10:42 +0000  copying file ./LaunchScreen.storyboardc/01J-lp-oVM-view-Ze5-6b-2t3.nib ... 
2025-06-03 09:10:42 +0000  3813 bytes for ./LaunchScreen.storyboardc/01J-lp-oVM-view-Ze5-6b-2t3.nib
2025-06-03 09:10:42 +0000  copying file ./LaunchScreen.storyboardc/UIViewController-01J-lp-oVM.nib ... 
2025-06-03 09:10:42 +0000  924 bytes for ./LaunchScreen.storyboardc/UIViewController-01J-lp-oVM.nib
2025-06-03 09:10:42 +0000  copying file ./LaunchScreen.storyboardc/Info.plist ... 
2025-06-03 09:10:42 +0000  258 bytes for ./LaunchScreen.storyboardc/Info.plist
2025-06-03 09:10:42 +0000  copying file ./RNSVGFilters.bundle/RNSVGArithmeticFilter.iphoneos.metallib ... 
2025-06-03 09:10:42 +0000  3993 bytes for ./RNSVGFilters.bundle/RNSVGArithmeticFilter.iphoneos.metallib
2025-06-03 09:10:42 +0000  copying file ./RNSVGFilters.bundle/RNSVGCompositeXor.iphoneos.metallib ... 
2025-06-03 09:10:42 +0000  3509 bytes for ./RNSVGFilters.bundle/RNSVGCompositeXor.iphoneos.metallib
2025-06-03 09:10:42 +0000  copying file ./RNSVGFilters.bundle/Info.plist ... 
2025-06-03 09:10:42 +0000  768 bytes for ./RNSVGFilters.bundle/Info.plist
2025-06-03 09:10:42 +0000  copying file ./boost_privacy.bundle/Info.plist ... 
2025-06-03 09:10:42 +0000  769 bytes for ./boost_privacy.bundle/Info.plist
2025-06-03 09:10:42 +0000  copying file ./Frameworks/hermes.framework/_CodeSignature/CodeResources ... 
2025-06-03 09:10:42 +0000  1798 bytes for ./Frameworks/hermes.framework/_CodeSignature/CodeResources
2025-06-03 09:10:42 +0000  copying file ./Frameworks/hermes.framework/hermes ... 
2025-06-03 09:10:42 +0000  4665104 bytes for ./Frameworks/hermes.framework/hermes
2025-06-03 09:10:42 +0000  copying file ./Frameworks/hermes.framework/Info.plist ... 
2025-06-03 09:10:42 +0000  859 bytes for ./Frameworks/hermes.framework/Info.plist
2025-06-03 09:10:42 +0000  copying file ./SimpleLineIcons.ttf ... 
2025-06-03 09:10:42 +0000  54056 bytes for ./SimpleLineIcons.ttf
2025-06-03 09:10:42 +0000  copying file ./FontAwesome6_Brands.ttf ... 
2025-06-03 09:10:42 +0000  209376 bytes for ./FontAwesome6_Brands.ttf
2025-06-03 09:10:42 +0000  copying file ./embedded.mobileprovision ... 
2025-06-03 09:10:42 +0000  14279 bytes for ./embedded.mobileprovision
2025-06-03 09:10:42 +0000  copying file ./assets/node_modules/@react-navigation/drawer/lib/module/views/assets/toggle-drawer-icon@3x.png ... 
2025-06-03 09:10:42 +0000  212 bytes for ./assets/node_modules/@react-navigation/drawer/lib/module/views/assets/toggle-drawer-icon@3x.png
2025-06-03 09:10:42 +0000  copying file ./assets/node_modules/@react-navigation/drawer/lib/module/views/assets/toggle-drawer-icon@2x.png ... 
2025-06-03 09:10:42 +0000  163 bytes for ./assets/node_modules/@react-navigation/drawer/lib/module/views/assets/toggle-drawer-icon@2x.png
2025-06-03 09:10:42 +0000  copying file ./assets/node_modules/@react-navigation/drawer/lib/module/views/assets/toggle-drawer-icon.png ... 
2025-06-03 09:10:42 +0000  108 bytes for ./assets/node_modules/@react-navigation/drawer/lib/module/views/assets/toggle-drawer-icon.png
2025-06-03 09:10:42 +0000  copying file ./assets/node_modules/@react-navigation/elements/lib/module/assets/back-icon@3x.png ... 
2025-06-03 09:10:42 +0000  761 bytes for ./assets/node_modules/@react-navigation/elements/lib/module/assets/back-icon@3x.png
2025-06-03 09:10:42 +0000  copying file ./assets/node_modules/@react-navigation/elements/lib/module/assets/back-icon@2x.png ... 
2025-06-03 09:10:42 +0000  405 bytes for ./assets/node_modules/@react-navigation/elements/lib/module/assets/back-icon@2x.png
2025-06-03 09:10:42 +0000  copying file ./assets/node_modules/@react-navigation/elements/lib/module/assets/search-icon@2x.png ... 
2025-06-03 09:10:42 +0000  589 bytes for ./assets/node_modules/@react-navigation/elements/lib/module/assets/search-icon@2x.png
2025-06-03 09:10:42 +0000  copying file ./assets/node_modules/@react-navigation/elements/lib/module/assets/clear-icon@3x.png ... 
2025-06-03 09:10:42 +0000  502 bytes for ./assets/node_modules/@react-navigation/elements/lib/module/assets/clear-icon@3x.png
2025-06-03 09:10:42 +0000  copying file ./assets/node_modules/@react-navigation/elements/lib/module/assets/back-icon.png ... 
2025-06-03 09:10:42 +0000  290 bytes for ./assets/node_modules/@react-navigation/elements/lib/module/assets/back-icon.png
2025-06-03 09:10:42 +0000  copying file ./assets/node_modules/@react-navigation/elements/lib/module/assets/clear-icon@2x.png ... 
2025-06-03 09:10:42 +0000  334 bytes for ./assets/node_modules/@react-navigation/elements/lib/module/assets/clear-icon@2x.png
2025-06-03 09:10:42 +0000  copying file ./assets/node_modules/@react-navigation/elements/lib/module/assets/search-icon@3x.png ... 
2025-06-03 09:10:42 +0000  839 bytes for ./assets/node_modules/@react-navigation/elements/lib/module/assets/search-icon@3x.png
2025-06-03 09:10:42 +0000  copying file ./assets/node_modules/@react-navigation/elements/lib/module/assets/close-icon.png ... 
2025-06-03 09:10:42 +0000  141 bytes for ./assets/node_modules/@react-navigation/elements/lib/module/assets/close-icon.png
2025-06-03 09:10:42 +0000  copying file ./assets/node_modules/@react-navigation/elements/lib/module/assets/back-icon-mask.png ... 
2025-06-03 09:10:42 +0000  653 bytes for ./assets/node_modules/@react-navigation/elements/lib/module/assets/back-icon-mask.png
2025-06-03 09:10:42 +0000  copying file ./assets/node_modules/@react-navigation/elements/lib/module/assets/close-icon@2x.png ... 
2025-06-03 09:10:42 +0000  201 bytes for ./assets/node_modules/@react-navigation/elements/lib/module/assets/close-icon@2x.png
2025-06-03 09:10:42 +0000  copying file ./assets/node_modules/@react-navigation/elements/lib/module/assets/close-icon@3x.png ... 
2025-06-03 09:10:42 +0000  266 bytes for ./assets/node_modules/@react-navigation/elements/lib/module/assets/close-icon@3x.png
2025-06-03 09:10:42 +0000  copying file ./assets/node_modules/@react-navigation/elements/lib/module/assets/clear-icon.png ... 
2025-06-03 09:10:42 +0000  220 bytes for ./assets/node_modules/@react-navigation/elements/lib/module/assets/clear-icon.png
2025-06-03 09:10:42 +0000  copying file ./assets/node_modules/@react-navigation/elements/lib/module/assets/search-icon.png ... 
2025-06-03 09:10:42 +0000  317 bytes for ./assets/node_modules/@react-navigation/elements/lib/module/assets/search-icon.png
2025-06-03 09:10:42 +0000  copying file ./assets/node_modules/react-native-element-dropdown/src/assets/down.png ... 
2025-06-03 09:10:42 +0000  186 bytes for ./assets/node_modules/react-native-element-dropdown/src/assets/down.png
2025-06-03 09:10:42 +0000  copying file ./assets/node_modules/react-native-element-dropdown/src/assets/close.png ... 
2025-06-03 09:10:42 +0000  208 bytes for ./assets/node_modules/react-native-element-dropdown/src/assets/close.png
2025-06-03 09:10:42 +0000  copying file ./assets/src/assets/images/atonomy2.png ... 
2025-06-03 09:10:42 +0000  11853 bytes for ./assets/src/assets/images/atonomy2.png
2025-06-03 09:10:42 +0000  copying file ./assets/src/assets/images/avater.png ... 
2025-06-03 09:10:42 +0000  3471 bytes for ./assets/src/assets/images/avater.png
2025-06-03 09:10:42 +0000  copying file ./assets/src/assets/images/Logo.png ... 
2025-06-03 09:10:42 +0000  14618 bytes for ./assets/src/assets/images/Logo.png
2025-06-03 09:10:42 +0000  copying file ./Info.plist ... 
2025-06-03 09:10:42 +0000  1669 bytes for ./Info.plist
2025-06-03 09:10:42 +0000  copying file ./RNCAsyncStorage_resources.bundle/PrivacyInfo.xcprivacy ... 
2025-06-03 09:10:42 +0000  512 bytes for ./RNCAsyncStorage_resources.bundle/PrivacyInfo.xcprivacy
2025-06-03 09:10:42 +0000  copying file ./RNCAsyncStorage_resources.bundle/Info.plist ... 
2025-06-03 09:10:42 +0000  794 bytes for ./RNCAsyncStorage_resources.bundle/Info.plist
2025-06-03 09:10:42 +0000  copying file ./PkgInfo ... 
2025-06-03 09:10:42 +0000  8 bytes for ./PkgInfo
2025-06-03 09:10:42 +0000  copying file ./MaterialIcons.ttf ... 
2025-06-03 09:10:42 +0000  356840 bytes for ./MaterialIcons.ttf
2025-06-03 09:10:42 +0000  copying file ./React-Core_privacy.bundle/PrivacyInfo.xcprivacy ... 
2025-06-03 09:10:42 +0000  768 bytes for ./React-Core_privacy.bundle/PrivacyInfo.xcprivacy
2025-06-03 09:10:42 +0000  copying file ./React-Core_privacy.bundle/Info.plist ... 
2025-06-03 09:10:42 +0000  781 bytes for ./React-Core_privacy.bundle/Info.plist
2025-06-03 09:10:42 +0000  /usr/bin/ditto exited with 0
2025-06-03 09:10:42 +0000  Processing step: IDEDistributionEmbedProfileStep
2025-06-03 09:10:42 +0000  Skipping profile for item: <IDEDistributionItem: 0x6000b0434b40; bundleID='dev.hermesengine.iphoneos', path='<DVTFilePath:0x60008cb679c0:'/Users/arifbiswas/Library/Developer/Xcode/Archives/2025-06-03/Release 6-3-25, 15.07.xcarchive/Products/Applications/lawpair.app/Frameworks/hermes.framework'>', codeSigningInfo='<_DVTCodeSigningInformation_Path: 0x600064a9a880; isSigned='1', isAdHocSigned='0', signingCertificate='<DVTSigningCertificate: 0x60006150db00; name='Apple Development: Arif Biswas (X6726XPTGZ)', hash='AE30B902F16D024DBC6E75830A32A3EA27D361AF', serialNumber='3F5A97CAAB4D3F74653868098238D240', certificateKinds='(
    "1.2.840.113635.100.6.1.12",
    "1.2.840.113635.100.6.1.2"
), issueDate='2025-06-01 14:45:53 +0000''>', entitlements='(null)', teamID='H84C6HX92Q', identifier='dev.hermesengine.iphoneos', executablePath='<DVTFilePath:0x6000b044c180:'/Users/arifbiswas/Library/Developer/Xcode/Archives/2025-06-03/Release 6-3-25, 15.07.xcarchive/Products/Applications/lawpair.app/Frameworks/hermes.framework/hermes'>', hardenedRuntime='0'>'>
2025-06-03 09:10:42 +0000  Processing step: IDEDistributionInfoPlistStep
2025-06-03 09:10:42 +0000  Skipping Info.plist step because item: <IDEDistributionItem: 0x6000b0434b40; bundleID='dev.hermesengine.iphoneos', path='<DVTFilePath:0x60008cb679c0:'/Users/arifbiswas/Library/Developer/Xcode/Archives/2025-06-03/Release 6-3-25, 15.07.xcarchive/Products/Applications/lawpair.app/Frameworks/hermes.framework'>', codeSigningInfo='<_DVTCodeSigningInformation_Path: 0x600064a9a880; isSigned='1', isAdHocSigned='0', signingCertificate='<DVTSigningCertificate: 0x60006150db00; name='Apple Development: Arif Biswas (X6726XPTGZ)', hash='AE30B902F16D024DBC6E75830A32A3EA27D361AF', serialNumber='3F5A97CAAB4D3F74653868098238D240', certificateKinds='(
    "1.2.840.113635.100.6.1.12",
    "1.2.840.113635.100.6.1.2"
), issueDate='2025-06-01 14:45:53 +0000''>', entitlements='(null)', teamID='H84C6HX92Q', identifier='dev.hermesengine.iphoneos', executablePath='<DVTFilePath:0x6000b044c180:'/Users/arifbiswas/Library/Developer/Xcode/Archives/2025-06-03/Release 6-3-25, 15.07.xcarchive/Products/Applications/lawpair.app/Frameworks/hermes.framework/hermes'>', hardenedRuntime='0'>'> is a framework or embedded in a framework.
2025-06-03 09:10:42 +0000  Skipping setting DTXcodeBuildDistribution because toolsBuildVersionName was nil.
2025-06-03 09:10:42 +0000  Processing step: IDEDistributionItemRemovalStep
2025-06-03 09:10:42 +0000  Processing step: IDEDistributionAppThinningPlistStep
2025-06-03 09:10:42 +0000  Skipping step: IDEDistributionAppThinningPlistStep because it said so
2025-06-03 09:10:42 +0000  Processing step: IDEDistributionSymbolsStep
2025-06-03 09:10:43 +0000  Writing /var/folders/fg/k1_ddpz17ggf22my8dh98r140000gp/T/XcodeDistPipeline.~~~ua1vOW/Symbols/69580653-F031-37CC-AFD8-A3E3B58CAE26.symbols
2025-06-03 09:10:43 +0000  Upload Symbols Failed
2025-06-03 09:10:43 +0000  Processing step: IDEDistributionCopyAppleProvidedContentStep
2025-06-03 09:10:43 +0000  Processing step: IDEDistributionAppThinningStep
2025-06-03 09:10:43 +0000  Skipping step: IDEDistributionAppThinningStep because it said so
2025-06-03 09:10:43 +0000  Processing step: IDEDistributionArchThinningStep
2025-06-03 09:10:43 +0000  Item /Users/arifbiswas/Library/Developer/Xcode/Archives/2025-06-03/Release 6-3-25, 15.07.xcarchive/Products/Applications/lawpair.app/Frameworks/hermes.framework doesn't have the entitlement com.apple.developer.web-browser-engine.host enabled, returning ["arm64e"]
2025-06-03 09:10:43 +0000  Archs to thin for item /Users/arifbiswas/Library/Developer/Xcode/Archives/2025-06-03/Release 6-3-25, 15.07.xcarchive/Products/Applications/lawpair.app/Frameworks/hermes.framework are ["arm64e"]
2025-06-03 09:10:43 +0000  Running /Applications/Xcode.app/Contents/Developer/Toolchains/XcodeDefault.xctoolchain/usr/bin/lipo '/var/folders/fg/k1_ddpz17ggf22my8dh98r140000gp/T/XcodeDistPipeline.~~~ua1vOW/Root/Payload/lawpair.app/Frameworks/hermes.framework/hermes' '-verify_arch' 'arm64e'
2025-06-03 09:10:43 +0000  /Applications/Xcode.app/Contents/Developer/Toolchains/XcodeDefault.xctoolchain/usr/bin/lipo exited with 1
2025-06-03 09:10:43 +0000  Skipping architecture thinning for item "hermes" because arch "arm64e" wasn't found
2025-06-03 09:10:43 +0000  Item /Users/arifbiswas/Library/Developer/Xcode/Archives/2025-06-03/Release 6-3-25, 15.07.xcarchive/Products/Applications/lawpair.app doesn't have the entitlement com.apple.developer.web-browser-engine.host enabled, returning ["arm64e"]
2025-06-03 09:10:43 +0000  Archs to thin for item /Users/arifbiswas/Library/Developer/Xcode/Archives/2025-06-03/Release 6-3-25, 15.07.xcarchive/Products/Applications/lawpair.app are ["arm64e"]
2025-06-03 09:10:43 +0000  Running /Applications/Xcode.app/Contents/Developer/Toolchains/XcodeDefault.xctoolchain/usr/bin/lipo '/var/folders/fg/k1_ddpz17ggf22my8dh98r140000gp/T/XcodeDistPipeline.~~~ua1vOW/Root/Payload/lawpair.app/lawpair' '-verify_arch' 'arm64e'
2025-06-03 09:10:43 +0000  /Applications/Xcode.app/Contents/Developer/Toolchains/XcodeDefault.xctoolchain/usr/bin/lipo exited with 1
2025-06-03 09:10:43 +0000  Skipping architecture thinning for item "lawpair" because arch "arm64e" wasn't found
2025-06-03 09:10:43 +0000  Processing step: IDEDistributionODRStep
2025-06-03 09:10:43 +0000  Processing step: IDEDistributionStripXattrsStep
2025-06-03 09:10:43 +0000  Skipping stripping extended attributes because the codesign step will strip them.
2025-06-03 09:10:43 +0000  Skipping stripping extended attributes because the codesign step will strip them.
2025-06-03 09:10:43 +0000  Processing step: IDEDistributionCodesignStep
2025-06-03 09:10:43 +0000  Entitlements for <IDEDistributionItem: 0x6000b0434b40; bundleID='dev.hermesengine.iphoneos', path='<DVTFilePath:0x60008cb679c0:'/Users/arifbiswas/Library/Developer/Xcode/Archives/2025-06-03/Release 6-3-25, 15.07.xcarchive/Products/Applications/lawpair.app/Frameworks/hermes.framework'>', codeSigningInfo='<_DVTCodeSigningInformation_Path: 0x600064a9a880; isSigned='1', isAdHocSigned='0', signingCertificate='<DVTSigningCertificate: 0x600001a730c0; name='Apple Development: Arif Biswas (X6726XPTGZ)', hash='AE30B902F16D024DBC6E75830A32A3EA27D361AF', serialNumber='3F5A97CAAB4D3F74653868098238D240', certificateKinds='(
    "1.2.840.113635.100.6.1.12",
    "1.2.840.113635.100.6.1.2"
), issueDate='2025-06-01 14:45:53 +0000''>', entitlements='(null)', teamID='H84C6HX92Q', identifier='dev.hermesengine.iphoneos', executablePath='<DVTFilePath:0x6000b044c180:'/Users/arifbiswas/Library/Developer/Xcode/Archives/2025-06-03/Release 6-3-25, 15.07.xcarchive/Products/Applications/lawpair.app/Frameworks/hermes.framework/hermes'>', hardenedRuntime='0'>'>: {
}
2025-06-03 09:10:43 +0000  Associated App Clip Identifiers Filter: Skipping because "com.apple.developer.associated-appclip-app-identifiers" is not present
2025-06-03 09:10:43 +0000  Entitlements for <IDEDistributionItem: 0x6000b0434b40; bundleID='dev.hermesengine.iphoneos', path='<DVTFilePath:0x60008cb679c0:'/Users/arifbiswas/Library/Developer/Xcode/Archives/2025-06-03/Release 6-3-25, 15.07.xcarchive/Products/Applications/lawpair.app/Frameworks/hermes.framework'>', codeSigningInfo='<_DVTCodeSigningInformation_Path: 0x600064a9a880; isSigned='1', isAdHocSigned='0', signingCertificate='<DVTSigningCertificate: 0x60006150f540; name='Apple Development: Arif Biswas (X6726XPTGZ)', hash='AE30B902F16D024DBC6E75830A32A3EA27D361AF', serialNumber='3F5A97CAAB4D3F74653868098238D240', certificateKinds='(
    "1.2.840.113635.100.6.1.12",
    "1.2.840.113635.100.6.1.2"
), issueDate='2025-06-01 14:45:53 +0000''>', entitlements='(null)', teamID='H84C6HX92Q', identifier='dev.hermesengine.iphoneos', executablePath='<DVTFilePath:0x6000b044c180:'/Users/arifbiswas/Library/Developer/Xcode/Archives/2025-06-03/Release 6-3-25, 15.07.xcarchive/Products/Applications/lawpair.app/Frameworks/hermes.framework/hermes'>', hardenedRuntime='0'>'> are: {
}
2025-06-03 09:10:43 +0000  Writing entitlements for <IDEDistributionItem: 0x6000b0434b40; bundleID='dev.hermesengine.iphoneos', path='<DVTFilePath:0x60008cb679c0:'/Users/arifbiswas/Library/Developer/Xcode/Archives/2025-06-03/Release 6-3-25, 15.07.xcarchive/Products/Applications/lawpair.app/Frameworks/hermes.framework'>', codeSigningInfo='<_DVTCodeSigningInformation_Path: 0x600064a9a880; isSigned='1', isAdHocSigned='0', signingCertificate='<DVTSigningCertificate: 0x6000fda44fc0; name='Apple Development: Arif Biswas (X6726XPTGZ)', hash='AE30B902F16D024DBC6E75830A32A3EA27D361AF', serialNumber='3F5A97CAAB4D3F74653868098238D240', certificateKinds='(
    "1.2.840.113635.100.6.1.12",
    "1.2.840.113635.100.6.1.2"
), issueDate='2025-06-01 14:45:53 +0000''>', entitlements='(null)', teamID='H84C6HX92Q', identifier='dev.hermesengine.iphoneos', executablePath='<DVTFilePath:0x6000b044c180:'/Users/arifbiswas/Library/Developer/Xcode/Archives/2025-06-03/Release 6-3-25, 15.07.xcarchive/Products/Applications/lawpair.app/Frameworks/hermes.framework/hermes'>', hardenedRuntime='0'>'> to: /var/folders/fg/k1_ddpz17ggf22my8dh98r140000gp/T/XcodeDistPipeline.~~~ua1vOW/entitlements~~~Vvn5KZ
2025-06-03 09:10:43 +0000  invoking codesign: <NSConcreteTask: 0x60007405cb40; launchPath='/usr/bin/codesign', arguments='(
    "-f",
    "-s",
    C894E6B57E2C79869EB32E2AA2BFD7BCCFFC8031,
    "--entitlements",
    "/var/folders/fg/k1_ddpz17ggf22my8dh98r140000gp/T/XcodeDistPipeline.~~~ua1vOW/entitlements~~~Vvn5KZ",
    "--preserve-metadata=identifier,flags,runtime",
    "--generate-entitlement-der",
    "--strip-disallowed-xattrs",
    "-vvv",
    "/var/folders/fg/k1_ddpz17ggf22my8dh98r140000gp/T/XcodeDistPipeline.~~~ua1vOW/Root/Payload/lawpair.app/Frameworks/hermes.framework"
)'>
2025-06-03 09:10:43 +0000  codesign output: /var/folders/fg/k1_ddpz17ggf22my8dh98r140000gp/T/XcodeDistPipeline.~~~ua1vOW/Root/Payload/lawpair.app/Frameworks/hermes.framework: replacing existing signature
/var/folders/fg/k1_ddpz17ggf22my8dh98r140000gp/T/XcodeDistPipeline.~~~ua1vOW/Root/Payload/lawpair.app/Frameworks/hermes.framework: signed bundle with Mach-O thin (arm64) [dev.hermesengine.iphoneos]
2025-06-03 09:10:43 +0000  Entitlements for <IDEDistributionItem: 0x6000205039c0; bundleID='com.lawpair.lawpair', path='<DVTFilePath:0x600028a8cd20:'/Users/arifbiswas/Library/Developer/Xcode/Archives/2025-06-03/Release 6-3-25, 15.07.xcarchive/Products/Applications/lawpair.app'>', codeSigningInfo='<_DVTCodeSigningInformation_Path: 0x600020502340; isSigned='1', isAdHocSigned='0', signingCertificate='<DVTSigningCertificate: 0x6000fda45440; name='Apple Development: Arif Biswas (X6726XPTGZ)', hash='AE30B902F16D024DBC6E75830A32A3EA27D361AF', serialNumber='3F5A97CAAB4D3F74653868098238D240', certificateKinds='(
    "1.2.840.113635.100.6.1.12",
    "1.2.840.113635.100.6.1.2"
), issueDate='2025-06-01 14:45:53 +0000''>', entitlements='{
    "application-identifier" = "H84C6HX92Q.com.lawpair.lawpair";
    "com.apple.developer.team-identifier" = H84C6HX92Q;
    "get-task-allow" = 1;
}', teamID='H84C6HX92Q', identifier='com.lawpair.lawpair', executablePath='<DVTFilePath:0x600028a8cd80:'/Users/arifbiswas/Library/Developer/Xcode/Archives/2025-06-03/Release 6-3-25, 15.07.xcarchive/Products/Applications/lawpair.app/lawpair'>', hardenedRuntime='0'>'>: {
    "application-identifier" = "H84C6HX92Q.com.lawpair.lawpair";
    "beta-reports-active" = 1;
    "com.apple.developer.team-identifier" = H84C6HX92Q;
    "get-task-allow" = 0;
}
2025-06-03 09:10:43 +0000  Associated App Clip Identifiers Filter: Skipping because "com.apple.developer.associated-appclip-app-identifiers" is not present
2025-06-03 09:10:43 +0000  Entitlements for <IDEDistributionItem: 0x6000205039c0; bundleID='com.lawpair.lawpair', path='<DVTFilePath:0x600028a8cd20:'/Users/arifbiswas/Library/Developer/Xcode/Archives/2025-06-03/Release 6-3-25, 15.07.xcarchive/Products/Applications/lawpair.app'>', codeSigningInfo='<_DVTCodeSigningInformation_Path: 0x600020502340; isSigned='1', isAdHocSigned='0', signingCertificate='<DVTSigningCertificate: 0x60006150ccc0; name='Apple Development: Arif Biswas (X6726XPTGZ)', hash='AE30B902F16D024DBC6E75830A32A3EA27D361AF', serialNumber='3F5A97CAAB4D3F74653868098238D240', certificateKinds='(
    "1.2.840.113635.100.6.1.12",
    "1.2.840.113635.100.6.1.2"
), issueDate='2025-06-01 14:45:53 +0000''>', entitlements='{
    "application-identifier" = "H84C6HX92Q.com.lawpair.lawpair";
    "com.apple.developer.team-identifier" = H84C6HX92Q;
    "get-task-allow" = 1;
}', teamID='H84C6HX92Q', identifier='com.lawpair.lawpair', executablePath='<DVTFilePath:0x600028a8cd80:'/Users/arifbiswas/Library/Developer/Xcode/Archives/2025-06-03/Release 6-3-25, 15.07.xcarchive/Products/Applications/lawpair.app/lawpair'>', hardenedRuntime='0'>'> are: {
    "application-identifier" = "H84C6HX92Q.com.lawpair.lawpair";
    "beta-reports-active" = 1;
    "com.apple.developer.team-identifier" = H84C6HX92Q;
    "get-task-allow" = 0;
}
2025-06-03 09:10:43 +0000  Writing entitlements for <IDEDistributionItem: 0x6000205039c0; bundleID='com.lawpair.lawpair', path='<DVTFilePath:0x600028a8cd20:'/Users/arifbiswas/Library/Developer/Xcode/Archives/2025-06-03/Release 6-3-25, 15.07.xcarchive/Products/Applications/lawpair.app'>', codeSigningInfo='<_DVTCodeSigningInformation_Path: 0x600020502340; isSigned='1', isAdHocSigned='0', signingCertificate='<DVTSigningCertificate: 0x60006150ccc0; name='Apple Development: Arif Biswas (X6726XPTGZ)', hash='AE30B902F16D024DBC6E75830A32A3EA27D361AF', serialNumber='3F5A97CAAB4D3F74653868098238D240', certificateKinds='(
    "1.2.840.113635.100.6.1.12",
    "1.2.840.113635.100.6.1.2"
), issueDate='2025-06-01 14:45:53 +0000''>', entitlements='{
    "application-identifier" = "H84C6HX92Q.com.lawpair.lawpair";
    "com.apple.developer.team-identifier" = H84C6HX92Q;
    "get-task-allow" = 1;
}', teamID='H84C6HX92Q', identifier='com.lawpair.lawpair', executablePath='<DVTFilePath:0x600028a8cd80:'/Users/arifbiswas/Library/Developer/Xcode/Archives/2025-06-03/Release 6-3-25, 15.07.xcarchive/Products/Applications/lawpair.app/lawpair'>', hardenedRuntime='0'>'> to: /var/folders/fg/k1_ddpz17ggf22my8dh98r140000gp/T/XcodeDistPipeline.~~~ua1vOW/entitlements~~~cBWImA
2025-06-03 09:10:43 +0000  invoking codesign: <NSConcreteTask: 0x60007403e030; launchPath='/usr/bin/codesign', arguments='(
    "-f",
    "-s",
    C894E6B57E2C79869EB32E2AA2BFD7BCCFFC8031,
    "--entitlements",
    "/var/folders/fg/k1_ddpz17ggf22my8dh98r140000gp/T/XcodeDistPipeline.~~~ua1vOW/entitlements~~~cBWImA",
    "--preserve-metadata=identifier,flags,runtime",
    "--generate-entitlement-der",
    "--strip-disallowed-xattrs",
    "-vvv",
    "/var/folders/fg/k1_ddpz17ggf22my8dh98r140000gp/T/XcodeDistPipeline.~~~ua1vOW/Root/Payload/lawpair.app"
)'>
2025-06-03 09:10:43 +0000  codesign output: /var/folders/fg/k1_ddpz17ggf22my8dh98r140000gp/T/XcodeDistPipeline.~~~ua1vOW/Root/Payload/lawpair.app: replacing existing signature
/var/folders/fg/k1_ddpz17ggf22my8dh98r140000gp/T/XcodeDistPipeline.~~~ua1vOW/Root/Payload/lawpair.app: signed app bundle with Mach-O thin (arm64) [com.lawpair.lawpair]
2025-06-03 09:10:43 +0000  Processing step: IDEDistributionZipODRItemStep
2025-06-03 09:10:43 +0000  Skipping step: IDEDistributionZipODRItemStep because it said so
2025-06-03 09:10:43 +0000  Skipping step: IDEDistributionZipODRItemStep because it said so
2025-06-03 09:10:43 +0000  Processing step: IDEDistributionCreateIPAStep
2025-06-03 09:10:43 +0000  Running /usr/bin/rsync '-8aPhhE' '/var/folders/fg/k1_ddpz17ggf22my8dh98r140000gp/T/XcodeDistPipeline.~~~ua1vOW/Symbols' '--link-dest' '/var/folders/fg/k1_ddpz17ggf22my8dh98r140000gp/T/XcodeDistPipeline.~~~ua1vOW' '/var/folders/fg/k1_ddpz17ggf22my8dh98r140000gp/T/XcodeDistPipeline.~~~ua1vOW/Root'
2025-06-03 09:10:43 +0000  building file list ... 
2025-06-03 09:10:43 +0000   0 files...2025-06-03 09:10:43 +0000  2 files to consider
2025-06-03 09:10:43 +0000  Symbols/
2025-06-03 09:10:43 +0000  
sent 147 bytes  received 26 bytes  346.00 bytes/sec
total size is 30.31M  speedup is 183686.27
2025-06-03 09:10:43 +0000  /usr/bin/rsync exited with 0
2025-06-03 09:10:43 +0000  Running /usr/bin/ditto '-V' '-c' '-k' '--norsrc' '/var/folders/fg/k1_ddpz17ggf22my8dh98r140000gp/T/XcodeDistPipeline.~~~ua1vOW/Root' '/var/folders/fg/k1_ddpz17ggf22my8dh98r140000gp/T/XcodeDistPipeline.~~~ua1vOW/Packages/lawpair.ipa'
2025-06-03 09:10:43 +0000  >>> Copying /var/folders/fg/k1_ddpz17ggf22my8dh98r140000gp/T/XcodeDistPipeline.~~~ua1vOW/Root 
2025-06-03 09:10:43 +0000  copying file ./Payload/lawpair.app/_CodeSignature/CodeResources ... 
2025-06-03 09:10:43 +0000  19935 bytes for ./Payload/lawpair.app/_CodeSignature/CodeResources
2025-06-03 09:10:43 +0000  copying file ./Payload/lawpair.app/Fontisto.ttf ... 
2025-06-03 09:10:43 +0000  313528 bytes for ./Payload/lawpair.app/Fontisto.ttf
2025-06-03 09:10:43 +0000  copying file ./Payload/lawpair.app/Octicons.ttf ... 
2025-06-03 09:10:43 +0000  49404 bytes for ./Payload/lawpair.app/Octicons.ttf
2025-06-03 09:10:43 +0000  copying file ./Payload/lawpair.app/Feather.ttf ... 
2025-06-03 09:10:43 +0000  56228 bytes for ./Payload/lawpair.app/Feather.ttf
copying file ./Payload/lawpair.app/FontAwesome6_Regular.ttf ... 
2025-06-03 09:10:43 +0000  67976 bytes for ./Payload/lawpair.app/FontAwesome6_Regular.ttf
copying file ./Payload/lawpair.app/Entypo.ttf ... 
2025-06-03 09:10:43 +0000  66200 bytes for ./Payload/lawpair.app/Entypo.ttf
2025-06-03 09:10:43 +0000  copying file ./Payload/lawpair.app/RNImagePickerPrivacyInfo.bundle/PrivacyInfo.xcprivacy ... 
2025-06-03 09:10:43 +0000  905 bytes for ./Payload/lawpair.app/RNImagePickerPrivacyInfo.bundle/PrivacyInfo.xcprivacy
2025-06-03 09:10:43 +0000  copying file ./Payload/lawpair.app/RNImagePickerPrivacyInfo.bundle/Info.plist ... 
2025-06-03 09:10:43 +0000  791 bytes for ./Payload/lawpair.app/RNImagePickerPrivacyInfo.bundle/Info.plist
2025-06-03 09:10:43 +0000  copying file ./Payload/lawpair.app/FontAwesome5_Brands.ttf ... 
2025-06-03 09:10:43 +0000  134040 bytes for ./Payload/lawpair.app/FontAwesome5_Brands.ttf
2025-06-03 09:10:43 +0000  copying file ./Payload/lawpair.app/MaterialCommunityIcons.ttf ... 
2025-06-03 09:10:43 +0000  1147844 bytes for ./Payload/lawpair.app/MaterialCommunityIcons.ttf
2025-06-03 09:10:43 +0000  copying file ./Payload/lawpair.app/glog_privacy.bundle/Info.plist ... 
2025-06-03 09:10:43 +0000  766 bytes for ./Payload/lawpair.app/glog_privacy.bundle/Info.plist
copying file ./Payload/lawpair.app/AppIcon60x60@2x.png ... 
2025-06-03 09:10:43 +0000  5256 bytes for ./Payload/lawpair.app/AppIcon60x60@2x.png
2025-06-03 09:10:43 +0000  copying file ./Payload/lawpair.app/AntDesign.ttf ... 
2025-06-03 09:10:43 +0000  70344 bytes for ./Payload/lawpair.app/AntDesign.ttf
2025-06-03 09:10:43 +0000  copying file ./Payload/lawpair.app/Foundation.ttf ... 
2025-06-03 09:10:43 +0000  56976 bytes for ./Payload/lawpair.app/Foundation.ttf
2025-06-03 09:10:43 +0000  copying file ./Payload/lawpair.app/Ionicons.ttf ... 
2025-06-03 09:10:43 +0000  442604 bytes for ./Payload/lawpair.app/Ionicons.ttf
2025-06-03 09:10:43 +0000  copying file ./Payload/lawpair.app/FontAwesome5_Solid.ttf ... 
2025-06-03 09:10:43 +0000  202744 bytes for ./Payload/lawpair.app/FontAwesome5_Solid.ttf
2025-06-03 09:10:43 +0000  copying file ./Payload/lawpair.app/FontAwesome5_Regular.ttf ... 
2025-06-03 09:10:43 +0000  33736 bytes for ./Payload/lawpair.app/FontAwesome5_Regular.ttf
2025-06-03 09:10:43 +0000  copying file ./Payload/lawpair.app/React-cxxreact_privacy.bundle/PrivacyInfo.xcprivacy ... 
2025-06-03 09:10:43 +0000  552 bytes for ./Payload/lawpair.app/React-cxxreact_privacy.bundle/PrivacyInfo.xcprivacy
2025-06-03 09:10:43 +0000  copying file ./Payload/lawpair.app/React-cxxreact_privacy.bundle/Info.plist ... 
2025-06-03 09:10:43 +0000  789 bytes for ./Payload/lawpair.app/React-cxxreact_privacy.bundle/Info.plist
2025-06-03 09:10:43 +0000  copying file ./Payload/lawpair.app/FontAwesome.ttf ... 
2025-06-03 09:10:43 +0000  165548 bytes for ./Payload/lawpair.app/FontAwesome.ttf
2025-06-03 09:10:43 +0000  copying file ./Payload/lawpair.app/Zocial.ttf ... 
2025-06-03 09:10:43 +0000  25788 bytes for ./Payload/lawpair.app/Zocial.ttf
2025-06-03 09:10:43 +0000  copying file ./Payload/lawpair.app/RCT-Folly_privacy.bundle/Info.plist ... 
2025-06-03 09:10:43 +0000  783 bytes for ./Payload/lawpair.app/RCT-Folly_privacy.bundle/Info.plist
2025-06-03 09:10:43 +0000  copying file ./Payload/lawpair.app/lawpair ... 
2025-06-03 09:10:43 +0000  6675360 bytes for ./Payload/lawpair.app/lawpair
2025-06-03 09:10:43 +0000  copying file ./Payload/lawpair.app/Assets.car ... 
2025-06-03 09:10:43 +0000  251327 bytes for ./Payload/lawpair.app/Assets.car
2025-06-03 09:10:43 +0000  copying file ./Payload/lawpair.app/EvilIcons.ttf ... 
2025-06-03 09:10:43 +0000  13456 bytes for ./Payload/lawpair.app/EvilIcons.ttf
2025-06-03 09:10:43 +0000  copying file ./Payload/lawpair.app/AppIcon76x76@2x~ipad.png ... 
2025-06-03 09:10:43 +0000  6524 bytes for ./Payload/lawpair.app/AppIcon76x76@2x~ipad.png
2025-06-03 09:10:43 +0000  copying file ./Payload/lawpair.app/main.jsbundle ... 
2025-06-03 09:10:43 +0000  4183438 bytes for ./Payload/lawpair.app/main.jsbundle
2025-06-03 09:10:43 +0000  copying file ./Payload/lawpair.app/FontAwesome6_Solid.ttf ... 
2025-06-03 09:10:43 +0000  423676 bytes for ./Payload/lawpair.app/FontAwesome6_Solid.ttf
2025-06-03 09:10:43 +0000  copying file ./Payload/lawpair.app/PrivacyInfo.xcprivacy ... 
418 bytes for ./Payload/lawpair.app/PrivacyInfo.xcprivacy
2025-06-03 09:10:43 +0000  copying file ./Payload/lawpair.app/LaunchScreen.storyboardc/01J-lp-oVM-view-Ze5-6b-2t3.nib ... 
2025-06-03 09:10:43 +0000  3813 bytes for ./Payload/lawpair.app/LaunchScreen.storyboardc/01J-lp-oVM-view-Ze5-6b-2t3.nib
2025-06-03 09:10:43 +0000  copying file ./Payload/lawpair.app/LaunchScreen.storyboardc/UIViewController-01J-lp-oVM.nib ... 
2025-06-03 09:10:43 +0000  924 bytes for ./Payload/lawpair.app/LaunchScreen.storyboardc/UIViewController-01J-lp-oVM.nib
copying file ./Payload/lawpair.app/LaunchScreen.storyboardc/Info.plist ... 
258 bytes for ./Payload/lawpair.app/LaunchScreen.storyboardc/Info.plist
2025-06-03 09:10:43 +0000  copying file ./Payload/lawpair.app/RNSVGFilters.bundle/RNSVGArithmeticFilter.iphoneos.metallib ... 
2025-06-03 09:10:43 +0000  3993 bytes for ./Payload/lawpair.app/RNSVGFilters.bundle/RNSVGArithmeticFilter.iphoneos.metallib
2025-06-03 09:10:43 +0000  copying file ./Payload/lawpair.app/RNSVGFilters.bundle/RNSVGCompositeXor.iphoneos.metallib ... 
2025-06-03 09:10:43 +0000  3509 bytes for ./Payload/lawpair.app/RNSVGFilters.bundle/RNSVGCompositeXor.iphoneos.metallib
2025-06-03 09:10:43 +0000  copying file ./Payload/lawpair.app/RNSVGFilters.bundle/Info.plist ... 
768 bytes for ./Payload/lawpair.app/RNSVGFilters.bundle/Info.plist
2025-06-03 09:10:43 +0000  copying file ./Payload/lawpair.app/boost_privacy.bundle/Info.plist ... 
769 bytes for ./Payload/lawpair.app/boost_privacy.bundle/Info.plist
2025-06-03 09:10:43 +0000  copying file ./Payload/lawpair.app/Frameworks/hermes.framework/_CodeSignature/CodeResources ... 
2025-06-03 09:10:43 +0000  1798 bytes for ./Payload/lawpair.app/Frameworks/hermes.framework/_CodeSignature/CodeResources
copying file ./Payload/lawpair.app/Frameworks/hermes.framework/hermes ... 
2025-06-03 09:10:44 +0000  4665120 bytes for ./Payload/lawpair.app/Frameworks/hermes.framework/hermes
2025-06-03 09:10:44 +0000  copying file ./Payload/lawpair.app/Frameworks/hermes.framework/Info.plist ... 
859 bytes for ./Payload/lawpair.app/Frameworks/hermes.framework/Info.plist
copying file ./Payload/lawpair.app/SimpleLineIcons.ttf ... 
2025-06-03 09:10:44 +0000  54056 bytes for ./Payload/lawpair.app/SimpleLineIcons.ttf
2025-06-03 09:10:44 +0000  copying file ./Payload/lawpair.app/FontAwesome6_Brands.ttf ... 
2025-06-03 09:10:44 +0000  209376 bytes for ./Payload/lawpair.app/FontAwesome6_Brands.ttf
2025-06-03 09:10:44 +0000  copying file ./Payload/lawpair.app/embedded.mobileprovision ... 
2025-06-03 09:10:44 +0000  14374 bytes for ./Payload/lawpair.app/embedded.mobileprovision
2025-06-03 09:10:44 +0000  copying file ./Payload/lawpair.app/assets/node_modules/@react-navigation/drawer/lib/module/views/assets/toggle-drawer-icon@3x.png ... 
2025-06-03 09:10:44 +0000  212 bytes for ./Payload/lawpair.app/assets/node_modules/@react-navigation/drawer/lib/module/views/assets/toggle-drawer-icon@3x.png
2025-06-03 09:10:44 +0000  copying file ./Payload/lawpair.app/assets/node_modules/@react-navigation/drawer/lib/module/views/assets/toggle-drawer-icon@2x.png ... 
2025-06-03 09:10:44 +0000  163 bytes for ./Payload/lawpair.app/assets/node_modules/@react-navigation/drawer/lib/module/views/assets/toggle-drawer-icon@2x.png
copying file ./Payload/lawpair.app/assets/node_modules/@react-navigation/drawer/lib/module/views/assets/toggle-drawer-icon.png ... 
2025-06-03 09:10:44 +0000  108 bytes for ./Payload/lawpair.app/assets/node_modules/@react-navigation/drawer/lib/module/views/assets/toggle-drawer-icon.png
2025-06-03 09:10:44 +0000  copying file ./Payload/lawpair.app/assets/node_modules/@react-navigation/elements/lib/module/assets/back-icon@3x.png ... 
2025-06-03 09:10:44 +0000  761 bytes for ./Payload/lawpair.app/assets/node_modules/@react-navigation/elements/lib/module/assets/back-icon@3x.png
2025-06-03 09:10:44 +0000  copying file ./Payload/lawpair.app/assets/node_modules/@react-navigation/elements/lib/module/assets/back-icon@2x.png ... 
2025-06-03 09:10:44 +0000  405 bytes for ./Payload/lawpair.app/assets/node_modules/@react-navigation/elements/lib/module/assets/back-icon@2x.png
2025-06-03 09:10:44 +0000  copying file ./Payload/lawpair.app/assets/node_modules/@react-navigation/elements/lib/module/assets/search-icon@2x.png ... 
2025-06-03 09:10:44 +0000  589 bytes for ./Payload/lawpair.app/assets/node_modules/@react-navigation/elements/lib/module/assets/search-icon@2x.png
2025-06-03 09:10:44 +0000  copying file ./Payload/lawpair.app/assets/node_modules/@react-navigation/elements/lib/module/assets/clear-icon@3x.png ... 
2025-06-03 09:10:44 +0000  502 bytes for ./Payload/lawpair.app/assets/node_modules/@react-navigation/elements/lib/module/assets/clear-icon@3x.png
copying file ./Payload/lawpair.app/assets/node_modules/@react-navigation/elements/lib/module/assets/back-icon.png ... 
2025-06-03 09:10:44 +0000  290 bytes for ./Payload/lawpair.app/assets/node_modules/@react-navigation/elements/lib/module/assets/back-icon.png
2025-06-03 09:10:44 +0000  copying file ./Payload/lawpair.app/assets/node_modules/@react-navigation/elements/lib/module/assets/clear-icon@2x.png ... 
2025-06-03 09:10:44 +0000  334 bytes for ./Payload/lawpair.app/assets/node_modules/@react-navigation/elements/lib/module/assets/clear-icon@2x.png
2025-06-03 09:10:44 +0000  copying file ./Payload/lawpair.app/assets/node_modules/@react-navigation/elements/lib/module/assets/search-icon@3x.png ... 
2025-06-03 09:10:44 +0000  839 bytes for ./Payload/lawpair.app/assets/node_modules/@react-navigation/elements/lib/module/assets/search-icon@3x.png
2025-06-03 09:10:44 +0000  copying file ./Payload/lawpair.app/assets/node_modules/@react-navigation/elements/lib/module/assets/close-icon.png ... 
2025-06-03 09:10:44 +0000  141 bytes for ./Payload/lawpair.app/assets/node_modules/@react-navigation/elements/lib/module/assets/close-icon.png
copying file ./Payload/lawpair.app/assets/node_modules/@react-navigation/elements/lib/module/assets/back-icon-mask.png ... 
2025-06-03 09:10:44 +0000  653 bytes for ./Payload/lawpair.app/assets/node_modules/@react-navigation/elements/lib/module/assets/back-icon-mask.png
2025-06-03 09:10:44 +0000  copying file ./Payload/lawpair.app/assets/node_modules/@react-navigation/elements/lib/module/assets/close-icon@2x.png ... 
2025-06-03 09:10:44 +0000  201 bytes for ./Payload/lawpair.app/assets/node_modules/@react-navigation/elements/lib/module/assets/close-icon@2x.png
copying file ./Payload/lawpair.app/assets/node_modules/@react-navigation/elements/lib/module/assets/close-icon@3x.png ... 
2025-06-03 09:10:44 +0000  266 bytes for ./Payload/lawpair.app/assets/node_modules/@react-navigation/elements/lib/module/assets/close-icon@3x.png
2025-06-03 09:10:44 +0000  copying file ./Payload/lawpair.app/assets/node_modules/@react-navigation/elements/lib/module/assets/clear-icon.png ... 
2025-06-03 09:10:44 +0000  220 bytes for ./Payload/lawpair.app/assets/node_modules/@react-navigation/elements/lib/module/assets/clear-icon.png
2025-06-03 09:10:44 +0000  copying file ./Payload/lawpair.app/assets/node_modules/@react-navigation/elements/lib/module/assets/search-icon.png ... 
2025-06-03 09:10:44 +0000  317 bytes for ./Payload/lawpair.app/assets/node_modules/@react-navigation/elements/lib/module/assets/search-icon.png
2025-06-03 09:10:44 +0000  copying file ./Payload/lawpair.app/assets/node_modules/react-native-element-dropdown/src/assets/down.png ... 
2025-06-03 09:10:44 +0000  186 bytes for ./Payload/lawpair.app/assets/node_modules/react-native-element-dropdown/src/assets/down.png
copying file ./Payload/lawpair.app/assets/node_modules/react-native-element-dropdown/src/assets/close.png ... 
2025-06-03 09:10:44 +0000  208 bytes for ./Payload/lawpair.app/assets/node_modules/react-native-element-dropdown/src/assets/close.png
2025-06-03 09:10:44 +0000  copying file ./Payload/lawpair.app/assets/src/assets/images/atonomy2.png ... 
2025-06-03 09:10:44 +0000  11853 bytes for ./Payload/lawpair.app/assets/src/assets/images/atonomy2.png
2025-06-03 09:10:44 +0000  copying file ./Payload/lawpair.app/assets/src/assets/images/avater.png ... 
2025-06-03 09:10:44 +0000  3471 bytes for ./Payload/lawpair.app/assets/src/assets/images/avater.png
2025-06-03 09:10:44 +0000  copying file ./Payload/lawpair.app/assets/src/assets/images/Logo.png ... 
2025-06-03 09:10:44 +0000  14618 bytes for ./Payload/lawpair.app/assets/src/assets/images/Logo.png
2025-06-03 09:10:44 +0000  copying file ./Payload/lawpair.app/Info.plist ... 
2025-06-03 09:10:44 +0000  1669 bytes for ./Payload/lawpair.app/Info.plist
2025-06-03 09:10:44 +0000  copying file ./Payload/lawpair.app/RNCAsyncStorage_resources.bundle/PrivacyInfo.xcprivacy ... 
2025-06-03 09:10:44 +0000  512 bytes for ./Payload/lawpair.app/RNCAsyncStorage_resources.bundle/PrivacyInfo.xcprivacy
copying file ./Payload/lawpair.app/RNCAsyncStorage_resources.bundle/Info.plist ... 
794 bytes for ./Payload/lawpair.app/RNCAsyncStorage_resources.bundle/Info.plist
2025-06-03 09:10:44 +0000  copying file ./Payload/lawpair.app/PkgInfo ... 
8 bytes for ./Payload/lawpair.app/PkgInfo
2025-06-03 09:10:44 +0000  copying file ./Payload/lawpair.app/MaterialIcons.ttf ... 
2025-06-03 09:10:44 +0000  356840 bytes for ./Payload/lawpair.app/MaterialIcons.ttf
2025-06-03 09:10:44 +0000  copying file ./Payload/lawpair.app/React-Core_privacy.bundle/PrivacyInfo.xcprivacy ... 
2025-06-03 09:10:44 +0000  768 bytes for ./Payload/lawpair.app/React-Core_privacy.bundle/PrivacyInfo.xcprivacy
copying file ./Payload/lawpair.app/React-Core_privacy.bundle/Info.plist ... 
2025-06-03 09:10:44 +0000  781 bytes for ./Payload/lawpair.app/React-Core_privacy.bundle/Info.plist
2025-06-03 09:10:44 +0000  copying file ./Symbols/69580653-F031-37CC-AFD8-A3E3B58CAE26.symbols ... 
2025-06-03 09:10:44 +0000  31777724 bytes for ./Symbols/69580653-F031-37CC-AFD8-A3E3B58CAE26.symbols
2025-06-03 09:10:44 +0000  /usr/bin/ditto exited with 0
2025-06-03 09:10:44 +0000  Processing step: IDEDistributionAppStoreInformationStep
2025-06-03 09:10:44 +0000  Skipping step: IDEDistributionAppStoreInformationStep because it said so
2025-06-03 09:10:44 +0000  Processing step: IDEDistributionGenerateProcessedDistributionItems
2025-06-03 09:10:44 +0000  IDEDistributionItem init <DVTFilePath:0x60002c8a2450:'/var/folders/fg/k1_ddpz17ggf22my8dh98r140000gp/T/XcodeDistPipeline.~~~ua1vOW/Root/Payload/lawpair.app/Frameworks/hermes.framework'>
2025-06-03 09:10:44 +0000  IDEDistributionItem init <DVTFilePath:0x6000104b5020:'/var/folders/fg/k1_ddpz17ggf22my8dh98r140000gp/T/XcodeDistPipeline.~~~ua1vOW/Root/Payload/lawpair.app'>
2025-06-03 09:10:44 +0000  Processing step: IDEDistributionCreateManifestStep
2025-06-03 09:10:44 +0000  Skipping step: IDEDistributionCreateManifestStep because it said so
